# JRE version: OpenJDK Runtime Environment (17.0.6) (build 17.0.6+0-b2043.56-10027231)
# Java VM: OpenJDK 64-Bit Server VM (17.0.6+0-b2043.56-10027231, mixed mode, tiered, compressed oops, compressed class ptrs, g1 gc, windows-amd64)
GC Precious Log:
 CPUs: 16 total, 16 available
 Memory: 16320M
 Large Page Support: Disabled
 NUMA Support: Disabled
 Compressed Oops: Enabled (Zero based)
 Heap Region Size: 2M
 Heap Min Capacity: 8M
 Heap Initial Capacity: 256M
 Heap Max Capacity: 4082M
 Pre-touch: Disabled
 Parallel Workers: 13
 Concurrent Workers: 3
 Concurrent Refinement Workers: 13
 Periodic GC: Disabled
Heap:
 garbage-first heap   total 61440K, used 29095K [0x0000000700e00000, 0x0000000800000000)
  region size 2048K, 2 young (4096K), 2 survivors (4096K)
 Metaspace       used 49688K, committed 49920K, reserved 1097728K
  class space    used 5956K, committed 6080K, reserved 1048576K
GC Heap History (20 events):
Event: 0.515 GC heap after
{Heap after GC invocations=1 (full 0):
 garbage-first heap   total 262144K, used 6559K [0x0000000700e00000, 0x0000000800000000)
  region size 2048K, 2 young (4096K), 2 survivors (4096K)
 Metaspace       used 12285K, committed 12352K, reserved 1064960K
  class space    used 1156K, committed 1216K, reserved 1048576K
}
Event: 1.167 GC heap before
{Heap before GC invocations=1 (full 0):
 garbage-first heap   total 262144K, used 41375K [0x0000000700e00000, 0x0000000800000000)
  region size 2048K, 20 young (40960K), 2 survivors (4096K)
 Metaspace       used 21309K, committed 21504K, reserved 1073152K
  class space    used 2305K, committed 2432K, reserved 1048576K
}
Event: 1.171 GC heap after
{Heap after GC invocations=2 (full 0):
 garbage-first heap   total 262144K, used 8135K [0x0000000700e00000, 0x0000000800000000)
  region size 2048K, 2 young (4096K), 2 survivors (4096K)
 Metaspace       used 21309K, committed 21504K, reserved 1073152K
  class space    used 2305K, committed 2432K, reserved 1048576K
}
Event: 1.456 GC heap before
{Heap before GC invocations=3 (full 0):
 garbage-first heap   total 34816K, used 24519K [0x0000000700e00000, 0x0000000800000000)
  region size 2048K, 11 young (22528K), 2 survivors (4096K)
 Metaspace       used 26323K, committed 26496K, reserved 1073152K
  class space    used 2943K, committed 3008K, reserved 1048576K
}
Event: 1.461 GC heap after
{Heap after GC invocations=4 (full 0):
 garbage-first heap   total 34816K, used 8989K [0x0000000700e00000, 0x0000000800000000)
  region size 2048K, 3 young (6144K), 3 survivors (6144K)
 Metaspace       used 26323K, committed 26496K, reserved 1073152K
  class space    used 2943K, committed 3008K, reserved 1048576K
}
Event: 1.686 GC heap before
{Heap before GC invocations=4 (full 0):
 garbage-first heap   total 34816K, used 25373K [0x0000000700e00000, 0x0000000800000000)
  region size 2048K, 10 young (20480K), 3 survivors (6144K)
 Metaspace       used 29078K, committed 29312K, reserved 1081344K
  class space    used 3551K, committed 3648K, reserved 1048576K
}
Event: 1.695 GC heap after
{Heap after GC invocations=5 (full 0):
 garbage-first heap   total 34816K, used 14023K [0x0000000700e00000, 0x0000000800000000)
  region size 2048K, 2 young (4096K), 2 survivors (4096K)
 Metaspace       used 29078K, committed 29312K, reserved 1081344K
  class space    used 3551K, committed 3648K, reserved 1048576K
}
Event: 1.935 GC heap before
{Heap before GC invocations=5 (full 0):
 garbage-first heap   total 34816K, used 24263K [0x0000000700e00000, 0x0000000800000000)
  region size 2048K, 7 young (14336K), 2 survivors (4096K)
 Metaspace       used 31074K, committed 31232K, reserved 1081344K
  class space    used 3991K, committed 4032K, reserved 1048576K
}
Event: 1.945 GC heap after
{Heap after GC invocations=6 (full 0):
 garbage-first heap   total 34816K, used 15672K [0x0000000700e00000, 0x0000000800000000)
  region size 2048K, 1 young (2048K), 1 survivors (2048K)
 Metaspace       used 31074K, committed 31232K, reserved 1081344K
  class space    used 3991K, committed 4032K, reserved 1048576K
}
Event: 2.082 GC heap before
{Heap before GC invocations=6 (full 0):
 garbage-first heap   total 34816K, used 23864K [0x0000000700e00000, 0x0000000800000000)
  region size 2048K, 5 young (10240K), 1 survivors (2048K)
 Metaspace       used 33479K, committed 33728K, reserved 1081344K
  class space    used 4238K, committed 4352K, reserved 1048576K
}
Event: 2.086 GC heap after
{Heap after GC invocations=7 (full 0):
 garbage-first heap   total 34816K, used 17048K [0x0000000700e00000, 0x0000000800000000)
  region size 2048K, 1 young (2048K), 1 survivors (2048K)
 Metaspace       used 33479K, committed 33728K, reserved 1081344K
  class space    used 4238K, committed 4352K, reserved 1048576K
}
Event: 2.195 GC heap before
{Heap before GC invocations=7 (full 0):
 garbage-first heap   total 34816K, used 25240K [0x0000000700e00000, 0x0000000800000000)
  region size 2048K, 5 young (10240K), 1 survivors (2048K)
 Metaspace       used 35169K, committed 35328K, reserved 1081344K
  class space    used 4443K, committed 4544K, reserved 1048576K
}
Event: 2.199 GC heap after
{Heap after GC invocations=8 (full 0):
 garbage-first heap   total 149504K, used 15806K [0x0000000700e00000, 0x0000000800000000)
  region size 2048K, 1 young (2048K), 1 survivors (2048K)
 Metaspace       used 35169K, committed 35328K, reserved 1081344K
  class space    used 4443K, committed 4544K, reserved 1048576K
}
Event: 2.662 GC heap before
{Heap before GC invocations=9 (full 0):
 garbage-first heap   total 61440K, used 50622K [0x0000000700e00000, 0x0000000800000000)
  region size 2048K, 18 young (36864K), 1 survivors (2048K)
 Metaspace       used 42371K, committed 42560K, reserved 1089536K
  class space    used 5160K, committed 5248K, reserved 1048576K
}
Event: 2.668 GC heap after
{Heap after GC invocations=10 (full 0):
 garbage-first heap   total 61440K, used 18699K [0x0000000700e00000, 0x0000000800000000)
  region size 2048K, 3 young (6144K), 3 survivors (6144K)
 Metaspace       used 42371K, committed 42560K, reserved 1089536K
  class space    used 5160K, committed 5248K, reserved 1048576K
}
Event: 3.225 GC heap before
{Heap before GC invocations=10 (full 0):
 garbage-first heap   total 61440K, used 43275K [0x0000000700e00000, 0x0000000800000000)
  region size 2048K, 15 young (30720K), 3 survivors (6144K)
 Metaspace       used 47137K, committed 47360K, reserved 1097728K
  class space    used 5698K, committed 5824K, reserved 1048576K
}
Event: 3.235 GC heap after
{Heap after GC invocations=11 (full 0):
 garbage-first heap   total 61440K, used 24190K [0x0000000700e00000, 0x0000000800000000)
  region size 2048K, 2 young (4096K), 2 survivors (4096K)
 Metaspace       used 47137K, committed 47360K, reserved 1097728K
  class space    used 5698K, committed 5824K, reserved 1048576K
}
Event: 3.310 GC heap before
{Heap before GC invocations=11 (full 0):
 garbage-first heap   total 61440K, used 44670K [0x0000000700e00000, 0x0000000800000000)
  region size 2048K, 12 young (24576K), 2 survivors (4096K)
 Metaspace       used 47228K, committed 47424K, reserved 1097728K
  class space    used 5698K, committed 5824K, reserved 1048576K
}
Event: 3.316 GC heap after
{Heap after GC invocations=12 (full 0):
 garbage-first heap   total 61440K, used 25692K [0x0000000700e00000, 0x0000000800000000)
  region size 2048K, 1 young (2048K), 1 survivors (2048K)
 Metaspace       used 47228K, committed 47424K, reserved 1097728K
  class space    used 5698K, committed 5824K, reserved 1048576K
}
Event: 3.922 GC heap before
{Heap before GC invocations=12 (full 0):
 garbage-first heap   total 61440K, used 46172K [0x0000000700e00000, 0x0000000800000000)
  region size 2048K, 11 young (22528K), 1 survivors (2048K)
 Metaspace       used 49688K, committed 49920K, reserved 1097728K
  class space    used 5956K, committed 6080K, reserved 1048576K
}

